<?xml version="1.0" encoding="UTF-8"?>
<!-- Generated by org.testng.reporters.JUnitReportReporter -->
<testsuite hostname="DESKTOP-3R0P461" failures="0" tests="12" name="TestCases.TestCases_of_CICA" time="520.694" errors="0" timestamp="2024-04-29T10:37:06 IST" skipped="0">
  <testcase classname="TestCases.TestCases_of_CICA" name="Login" time="3.977"/>
  <system-out/>
  <testcase classname="TestCases.TestCases_of_CICA" name="Homepage" time="20.932"/>
  <system-out/>
  <testcase classname="TestCases.TestCases_of_CICA" name="Step_1" time="54.587"/>
  <system-out/>
  <testcase classname="TestCases.TestCases_of_CICA" name="Step_2" time="69.861"/>
  <system-out/>
  <testcase classname="TestCases.TestCases_of_CICA" name="Step_3" time="7.477"/>
  <system-out/>
  <testcase classname="TestCases.TestCases_of_CICA" name="Step_4" time="87.520"/>
  <system-out/>
  <testcase classname="TestCases.TestCases_of_CICA" name="Step_5" time="6.317"/>
  <system-out/>
  <testcase classname="TestCases.TestCases_of_CICA" name="Step_6" time="44.410"/>
  <system-out/>
  <testcase classname="TestCases.TestCases_of_CICA" name="Step_7" time="4.503"/>
  <system-out/>
  <testcase classname="TestCases.TestCases_of_CICA" name="Step_8" time="38.412"/>
  <system-out/>
  <testcase classname="TestCases.TestCases_of_CICA" name="Update" time="15.713"/>
  <system-out/>
  <testcase classname="TestCases.TestCases_of_CICA" name="Step_10" time="166.985"/>
  <system-out/>
</testsuite> <!-- TestCases.TestCases_of_CICA -->
